Arguments: 
  C:\Program Files\nodejs\node.exe C:\Program Files (x86)\Yarn\bin\yarn.js install

PATH: 
  C:\WINDOWS\system32;C:\WINDOWS;C:\WINDOWS\System32\Wbem;C:\WINDOWS\System32\WindowsPowerShell\v1.0\;C:\WINDOWS\System32\OpenSSH\;C:\ProgramData\chocolatey\bin;C:\Program Files\nodejs\;C:\Program Files (x86)\Yarn\bin\;C:\Program Files\Git\cmd;C:\Program Files\Git LFS;C:\Program Files\LLVM\bin;C:\MinGW\bin;C:\Program Files (x86)\Brackets\command;C:\Users\Ali Baba\AppData\Local\Programs\Python\Python37\Scripts\;C:\Users\Ali Baba\AppData\Local\Programs\Python\Python37\;C:\Users\Ali Baba\.windows-build-tools\python27\;C:\Program Files\nodejs\node_modules\npm\node_modules\npm-lifecycle\node-gyp-bin;C:\Users\Ali Baba\AppData\Roaming\npm\node_modules\windows-build-tools\node_modules\.bin;C:\Users\Ali Baba\AppData\Roaming\npm\node_modules\.bin;C:\WINDOWS\system32;C:\WINDOWS;C:\WINDOWS\System32\Wbem;C:\WINDOWS\System32\WindowsPowerShell\v1.0\;C:\WINDOWS\System32\OpenSSH\;C:\ProgramData\chocolatey\bin;C:\Program Files\nodejs\;C:\Program Files (x86)\Yarn\bin\;C:\Program Files\Git\cmd;C:\Program Files\Git LFS;C:\Program Files\Java\jdk1.8.0_171\bin;C:\Users\Ali Baba\AppData\Local\Programs\Microsoft VS Code\bin;C:\Users\Ali Baba\AppData\Roaming\npm;C:\Users\Ali Baba\AppData\Local\Yarn\bin;F:\PyCharm Community Edition 2018.3.2\bin;F:\JetBrains\PyCharm Community Edition 2018.3.4\bin;

Yarn version: 
  1.9.4

Node version: 
  10.10.0

Platform: 
  win32 x64

Trace: 
  Error: https://registry.yarnpkg.com/lottie-react-native/-/lottie-react-native-2.5.0.tgz: ESOCKETTIMEDOUT
      at ClientRequest.<anonymous> (C:\Program Files (x86)\Yarn\lib\cli.js:138095:19)
      at Object.onceWrapper (events.js:273:13)
      at ClientRequest.emit (events.js:182:13)
      at TLSSocket.emitRequestTimeout (_http_client.js:661:40)
      at Object.onceWrapper (events.js:273:13)
      at TLSSocket.emit (events.js:182:13)
      at TLSSocket.Socket._onTimeout (net.js:449:8)
      at ontimeout (timers.js:425:11)
      at tryOnTimeout (timers.js:289:5)
      at listOnTimeout (timers.js:252:5)

npm manifest: 
  {
    "main": "node_modules/expo/AppEntry.js",
    "scripts": {
      "start": "expo start",
      "android": "expo start --android",
      "ios": "expo start --ios",
      "eject": "expo eject"
    },
    "dependencies": {
      "expo": "^32.0.0",
      "react": "16.5.0",
      "react-native": "https://github.com/expo/react-native/archive/sdk-32.0.0.tar.gz"
    },
    "devDependencies": {
      "babel-preset-expo": "^5.0.0"
    },
    "private": true
  }

yarn manifest: 
  No manifest

Lockfile: 
  No lockfile
